2025-07-23 20:19:44.712256 - User: Anonymous - Path: /
2025-07-23 20:20:45.733829 - User: Anonymous - Path: /admin/
2025-07-23 20:20:45.756881 - User: Anonymous - Path: /admin/login/
2025-07-23 20:20:53.164123 - User: Anonymous - Path: /admin/login/
2025-07-23 20:21:02.758778 - User: Anonymous - Path: /admin/login/
2025-07-23 20:21:18.393780 - User: Anonymous - Path: /admin/login/
2025-07-23 20:21:27.780929 - User: Anonymous - Path: /admin/login/
2025-07-23 20:21:28.589626 - User: geojogu@gmail.com - Path: /admin/
2025-07-23 20:22:48.830933 - User: geojogu@gmail.com - Path: /
2025-07-23 20:22:56.070933 - User: geojogu@gmail.com - Path: /admin/
2025-07-24 09:24:28.013710 - User: geojogu@gmail.com - Path: /
2025-07-24 09:24:37.239792 - User: geojogu@gmail.com - Path: /admin/
2025-07-24 09:53:30.389679 - User: geojogu@gmail.com - Path: /admin/
2025-07-24 09:53:32.277561 - User: geojogu@gmail.com - Path: /admin/
2025-07-24 09:53:39.818654 - User: geojogu@gmail.com - Path: /admin/
2025-07-24 09:53:57.338077 - User: geojogu@gmail.com - Path: /
2025-07-24 09:54:00.972933 - User: geojogu@gmail.com - Path: /admin/
2025-07-24 09:54:02.085621 - User: geojogu@gmail.com - Path: /admin/
2025-07-24 10:00:21.758333 - User: geojogu@gmail.com - Path: /
2025-07-24 10:00:29.818853 - User: geojogu@gmail.com - Path: /admin/
2025-07-24 10:00:31.846120 - User: geojogu@gmail.com - Path: /admin/
2025-07-24 10:02:22.449421 - User: geojogu@gmail.com - Path: /
2025-07-24 10:02:27.274964 - User: geojogu@gmail.com - Path: /admin/
2025-07-24 10:06:52.945485 - User: Anonymous - Path: /api/token/
